<?xml version="1.0" encoding="UTF-8"?>
<!-- Generated by org.testng.reporters.JUnitXMLReporter -->
<testsuite ignored="0" hostname="SYNBLRLT9161DGZ" failures="0" tests="6" name="Default test" time="33.141" errors="0" timestamp="2025-10-22T16:34:01 PDT">
  <testcase classname="TestScript.WebDriver_Chrome" name="testLogin" time="4.71"/>
  <testcase classname="TestScript.WebDriver_Chrome" name="testLogin" time="2.95"/>
  <testcase classname="TestScript.WebDriver_Chrome" name="testLogin" time="2.961"/>
  <testcase classname="TestScript.WebDriver_Chrome" name="testLogin" time="8.132"/>
  <testcase classname="TestScript.WebDriver_Chrome" name="testLogin" time="3.216"/>
  <testcase classname="TestScript.WebDriver_Chrome" name="testLogin" time="3.01"/>
</testsuite> <!-- Default test -->
