<?xml version="1.0" encoding="UTF-8"?>
<!-- Generated by org.testng.reporters.JUnitXMLReporter -->
<testsuite ignored="0" hostname="SYNBLRLT9161DGZ" failures="0" tests="4" name="Default test" time="47.187" errors="0" timestamp="2025-10-23T16:03:21 PDT">
  <testcase classname="TestScript.TestAll" name="testLogin" time="7.038"/>
  <testcase classname="TestScript.TestAll" name="testLogin" time="6.802"/>
  <testcase classname="TestScript.TestAll" name="testLogin" time="6.94"/>
  <testcase classname="TestScript.TestAll" name="testLogin" time="11.497"/>
</testsuite> <!-- Default test -->
